[debug] > Exec(early(addDefaultCommands), None, None)
[debug] > Exec(addDefaultCommands, None, None)
[debug] > Exec(early(initialize), None, None)
[debug] > Exec(initialize, None, None)
[debug] > Exec(early(addPluginSbtFile="""C:\Users\kyevi\AppData\Local\Temp\idea.sbt"""), None, None)
[debug] > Exec(addPluginSbtFile="""C:\Users\kyevi\AppData\Local\Temp\idea.sbt""", None, None)
[debug] > Exec(boot, None, None)
[debug] > Exec(writeSbtVersion, None, None)
[debug] > Exec(reload, None, None)
[debug] > Exec(sbtStashOnFailure, None, None)
[debug] > Exec(onFailure loadFailed, None, None)
[debug] > Exec(loadp, None, None)
[info] welcome to sbt 1.10.0 (Oracle Corporation Java 1.8.0_401)
[debug] Load.defaultLoad until apply took 57.2811ms
[debug]           Load.loadUnit: plugins took 50.1773ms
[debug]           Load.loadUnit: defsScala took 0.2089ms
[debug] [Loading] Scanning directory C:\Users\kyevi\Desktop\Sunway\s6\OOP\Intellij\OopAssignment1\project
[debug]             Load.loadUnit: mkEval took 5.4868ms
[debug] [Loading] Found non-root projects 
[debug] [Loading] Done in C:\Users\kyevi\Desktop\Sunway\s6\OOP\Intellij\OopAssignment1\project, returning: ()
[debug] deducing auto plugins based on known facts Set(Atom(sbt.plugins.CorePlugin)) and clauses Clauses(Clause(Atom(sbt.plugins.JvmPlugin),Set(Atom(sbt.plugins.IvyPlugin)))
[debug] Clause(Atom(sbt.ScriptedPlugin),Set(Atom(sbt.plugins.JvmPlugin)))
[debug] Clause(Atom(sbt.plugins.SbtPlugin),Set(Atom(sbt.ScriptedPlugin)))
[debug] Clause(Atom(sbt.plugins.SemanticdbPlugin),Set(Atom(sbt.plugins.JvmPlugin)))
[debug] Clause(Atom(sbt.plugins.JUnitXmlReportPlugin),Set(Atom(sbt.plugins.JvmPlugin)))
[debug] Clause(Atom(sbt.plugins.MiniDependencyTreePlugin),Set(Atom(sbt.plugins.JvmPlugin)))
[debug] Clause(Atom(sbt.plugins.CorePlugin),Set(Atom(sbt.plugins.IvyPlugin)))
[debug] Clause(Atom(sbt.plugins.IvyPlugin),Set(Atom(sbt.plugins.JvmPlugin)))
[debug] Clause(Atom(sbt.plugins.JvmPlugin),Set(Atom(sbt.plugins.SemanticdbPlugin)))
[debug] Clause(Atom(sbt.plugins.JvmPlugin),Set(Atom(sbt.plugins.JUnitXmlReportPlugin)))
[debug] Clause(Atom(sbt.plugins.CorePlugin),Set(Atom(sbt.plugins.Giter8TemplatePlugin)))
[debug] Clause(Atom(sbt.plugins.JvmPlugin),Set(Atom(sbt.plugins.MiniDependencyTreePlugin))))
[debug]   :: deduced result: Matched(sbt.plugins.CorePlugin,sbt.plugins.Giter8TemplatePlugin,sbt.plugins.IvyPlugin,sbt.plugins.JvmPlugin,sbt.plugins.MiniDependencyTreePlugin,sbt.plugins.JUnitXmlReportPlugin,sbt.plugins.SemanticdbPlugin)
[debug] Plugins.deducer#function took 8.8505 ms
[info] loading settings for project oopassignment1-build from idea.sbt ...
[debug]               Load.resolveProject(oopassignment1-build) took 28.4797ms
[debug]             Load.loadTransitive: finalizeProject(Project(id oopassignment1-build, base: C:\Users\kyevi\Desktop\Sunway\s6\OOP\Intellij\OopAssignment1\project, plugins: List(<none>))) took 42.0994ms
[debug] [Loading] Done in C:\Users\kyevi\Desktop\Sunway\s6\OOP\Intellij\OopAssignment1\project, returning: (oopassignment1-build)
[debug]           Load.loadUnit: loadedProjectsRaw took 1502.635ms
[debug]           Load.loadUnit: cleanEvalClasses took 4.2122ms
[debug]         Load.loadUnit(file:/C:/Users/kyevi/Desktop/Sunway/s6/OOP/Intellij/OopAssignment1/project/, ...) took 1560.6966ms
[debug]       Load.apply: load took 1623.1147ms
[debug]       Load.apply: resolveProjects took 3.4236ms
[debug]       Load.apply: finalTransforms took 33.9501ms
[debug]       Load.apply: config.delegates took 3.8627ms
[debug]       Load.apply: Def.make(settings)... took 192.5921ms
[debug]       Load.apply: structureIndex took 49.5708ms
[debug]       Load.apply: mkStreams took 0.9396ms
[info] loading project definition from C:\Users\kyevi\Desktop\Sunway\s6\OOP\Intellij\OopAssignment1\project
[debug] Running task... Cancel: Signal, check cycles: false, forcegc: true
[debug]     Load.loadUnit: plugins took 2974.1754ms
[debug]     Load.loadUnit: defsScala took 0.0028ms
[debug] [Loading] Scanning directory C:\Users\kyevi\Desktop\Sunway\s6\OOP\Intellij\OopAssignment1
[debug]       Load.loadUnit: mkEval took 0.1601ms
[debug] [Loading] Found root project root w/ remaining 
[debug] deducing auto plugins based on known facts Set(Atom(sbt.plugins.CorePlugin)) and clauses Clauses(Clause(Atom(sbt.plugins.JvmPlugin),Set(Atom(sbt.plugins.IvyPlugin)))
[debug] Clause(Atom(sbt.ScriptedPlugin),Set(Atom(sbt.plugins.JvmPlugin)))
[debug] Clause(Atom(sbt.plugins.SbtPlugin),Set(Atom(sbt.ScriptedPlugin)))
[debug] Clause(Atom(sbt.plugins.SemanticdbPlugin),Set(Atom(sbt.plugins.JvmPlugin)))
[debug] Clause(Atom(sbt.plugins.JUnitXmlReportPlugin),Set(Atom(sbt.plugins.JvmPlugin)))
[debug] Clause(Atom(sbt.plugins.MiniDependencyTreePlugin),Set(Atom(sbt.plugins.JvmPlugin)))
[debug] Clause(Atom(org.jetbrains.sbt.StructurePlugin),Set(Atom(sbt.plugins.JvmPlugin)))
[debug] Clause(Atom(org.jetbrains.sbt.IdeaShellPlugin),Set(Atom(sbt.plugins.JvmPlugin)))
[debug] Clause(Atom(org.jetbrains.sbt.indices.SbtIntellijIndicesPlugin),Set(Atom(sbt.plugins.JvmPlugin)))
[debug] Clause(Atom(sbt.plugins.CorePlugin),Set(Atom(sbt.plugins.IvyPlugin)))
[debug] Clause(Atom(sbt.plugins.IvyPlugin),Set(Atom(sbt.plugins.JvmPlugin)))
[debug] Clause(Atom(sbt.plugins.JvmPlugin),Set(Atom(sbt.plugins.SemanticdbPlugin)))
[debug] Clause(Atom(sbt.plugins.JvmPlugin),Set(Atom(sbt.plugins.JUnitXmlReportPlugin)))
[debug] Clause(Atom(sbt.plugins.CorePlugin),Set(Atom(sbt.plugins.Giter8TemplatePlugin)))
[debug] Clause(Atom(sbt.plugins.JvmPlugin),Set(Atom(sbt.plugins.MiniDependencyTreePlugin)))
[debug] Clause(Atom(sbt.plugins.JvmPlugin),Set(Atom(org.jetbrains.sbt.StructurePlugin)))
[debug] Clause(Atom(sbt.plugins.JvmPlugin),Set(Atom(org.jetbrains.sbt.IdeaShellPlugin)))
[debug] Clause(And(Set(Atom(sbt.plugins.CorePlugin), Atom(sbt.plugins.JvmPlugin))),Set(Atom(org.jetbrains.sbt.indices.SbtIntellijIndicesPlugin))))
[debug]   :: deduced result: Matched(sbt.plugins.CorePlugin,sbt.plugins.Giter8TemplatePlugin,sbt.plugins.IvyPlugin,sbt.plugins.JvmPlugin,sbt.plugins.SemanticdbPlugin,org.jetbrains.sbt.indices.SbtIntellijIndicesPlugin,sbt.plugins.JUnitXmlReportPlugin,org.jetbrains.sbt.IdeaShellPlugin,org.jetbrains.sbt.StructurePlugin,sbt.plugins.MiniDependencyTreePlugin)
[debug] Plugins.deducer#function took 1.1806 ms
[info] loading settings for project root from build.sbt ...
[debug]         Load.resolveProject(root) took 15.9148ms
[debug]       Load.loadTransitive: finalizeProject(Project(id root, base: C:\Users\kyevi\Desktop\Sunway\s6\OOP\Intellij\OopAssignment1, plugins: List(<none>))) took 17.998ms
[debug] [Loading] Done in C:\Users\kyevi\Desktop\Sunway\s6\OOP\Intellij\OopAssignment1, returning: (root)
[debug]     Load.loadUnit: loadedProjectsRaw took 557.2495ms
[debug]     Load.loadUnit: cleanEvalClasses took 5.3988ms
[debug]   Load.loadUnit(file:/C:/Users/kyevi/Desktop/Sunway/s6/OOP/Intellij/OopAssignment1/, ...) took 3537.5233ms
[debug] Load.apply: load took 3548.1619ms
[debug] Load.apply: resolveProjects took 0.1129ms
[debug] Load.apply: finalTransforms took 18.0477ms
[debug] Load.apply: config.delegates took 0.1964ms
[debug] Load.apply: Def.make(settings)... took 47.6756ms
[debug] Load.apply: structureIndex took 13.4111ms
[debug] Load.apply: mkStreams took 0.0026ms
[info] set current project to OopAssignment1 (in build file:/C:/Users/kyevi/Desktop/Sunway/s6/OOP/Intellij/OopAssignment1/)
[debug] > Exec(sbtPopOnFailure, None, None)
[debug] > Exec(resumeFromFailure, None, None)
[debug] > Exec(notifyUsersAboutShell, None, None)
[debug] > Exec(iflast shell, None, None)
[debug] > Exec(; set ideaPort in Global := 55524 ; idea-shell, None, None)
[debug] > Exec(set ideaPort in Global := 55524, None, None)
[info] Defining Global / ideaPort
[info] The new value will be used by Compile / compile, Test / compile
[debug] Defining 
[debug] 	Global / ideaPort
[debug] 
[debug] The new value will be used by 
[debug] 	Compile / compile
[debug] 	Test / compile
[info] Reapplying settings...
[info] set current project to OopAssignment1 (in build file:/C:/Users/kyevi/Desktop/Sunway/s6/OOP/Intellij/OopAssignment1/)
[debug] > Exec(idea-shell, None, None)
